

Started GET "/pages/home" for 127.0.0.1 at 2013-10-05 20:49:08 +0800
Processing by PagesController#home as HTML
  Rendered pages/home.html.erb within layouts/application (1.7ms)
Completed 200 OK in 291ms (Views: 276.5ms | ActiveRecord: 0.0ms)


Started GET "/assets/application.css?body=1" for 127.0.0.1 at 2013-10-05 20:49:09 +0800


Started GET "/assets/jquery_ujs.js?body=1" for 127.0.0.1 at 2013-10-05 20:49:09 +0800


Started GET "/assets/pages.css?body=1" for 127.0.0.1 at 2013-10-05 20:49:09 +0800


Started GET "/assets/turbolinks.js?body=1" for 127.0.0.1 at 2013-10-05 20:49:09 +0800


Started GET "/assets/jquery.js?body=1" for 127.0.0.1 at 2013-10-05 20:49:09 +0800


Started GET "/assets/pages.js?body=1" for 127.0.0.1 at 2013-10-05 20:49:09 +0800


Started GET "/assets/application.js?body=1" for 127.0.0.1 at 2013-10-05 20:49:09 +0800


Started GET "/pages/about" for 127.0.0.1 at 2013-10-05 20:49:16 +0800
Processing by PagesController#about as HTML
  Rendered pages/about.html.erb within layouts/application (0.3ms)
Completed 200 OK in 4ms (Views: 2.9ms | ActiveRecord: 0.0ms)


Started GET "/assets/application.css?body=1" for 127.0.0.1 at 2013-10-05 20:49:16 +0800


Started GET "/assets/pages.css?body=1" for 127.0.0.1 at 2013-10-05 20:49:16 +0800


Started GET "/assets/jquery_ujs.js?body=1" for 127.0.0.1 at 2013-10-05 20:49:16 +0800


Started GET "/assets/jquery.js?body=1" for 127.0.0.1 at 2013-10-05 20:49:16 +0800


Started GET "/assets/turbolinks.js?body=1" for 127.0.0.1 at 2013-10-05 20:49:16 +0800


Started GET "/assets/pages.js?body=1" for 127.0.0.1 at 2013-10-05 20:49:16 +0800


Started GET "/assets/application.js?body=1" for 127.0.0.1 at 2013-10-05 20:49:16 +0800


Started GET "/pages/contact" for 127.0.0.1 at 2013-10-05 20:49:22 +0800
Processing by PagesController#contact as HTML
  Rendered pages/contact.html.erb within layouts/application (0.3ms)
Completed 200 OK in 4ms (Views: 3.1ms | ActiveRecord: 0.0ms)


Started GET "/assets/application.css?body=1" for 127.0.0.1 at 2013-10-05 20:49:22 +0800


Started GET "/assets/pages.css?body=1" for 127.0.0.1 at 2013-10-05 20:49:22 +0800


Started GET "/assets/jquery.js?body=1" for 127.0.0.1 at 2013-10-05 20:49:22 +0800


Started GET "/assets/turbolinks.js?body=1" for 127.0.0.1 at 2013-10-05 20:49:22 +0800


Started GET "/assets/pages.js?body=1" for 127.0.0.1 at 2013-10-05 20:49:22 +0800


Started GET "/assets/application.js?body=1" for 127.0.0.1 at 2013-10-05 20:49:22 +0800


Started GET "/assets/jquery_ujs.js?body=1" for 127.0.0.1 at 2013-10-05 20:49:22 +0800


Started GET "/pages/contacts" for 127.0.0.1 at 2013-10-05 20:49:24 +0800

ActionController::RoutingError (No route matches [GET] "/pages/contacts"):
  actionpack (4.0.0) lib/action_dispatch/middleware/debug_exceptions.rb:21:in `call'
  actionpack (4.0.0) lib/action_dispatch/middleware/show_exceptions.rb:30:in `call'
  railties (4.0.0) lib/rails/rack/logger.rb:38:in `call_app'
  railties (4.0.0) lib/rails/rack/logger.rb:21:in `block in call'
  activesupport (4.0.0) lib/active_support/tagged_logging.rb:67:in `block in tagged'
  activesupport (4.0.0) lib/active_support/tagged_logging.rb:25:in `tagged'
  activesupport (4.0.0) lib/active_support/tagged_logging.rb:67:in `tagged'
  railties (4.0.0) lib/rails/rack/logger.rb:21:in `call'
  actionpack (4.0.0) lib/action_dispatch/middleware/request_id.rb:21:in `call'
  rack (1.5.2) lib/rack/methodoverride.rb:21:in `call'
  rack (1.5.2) lib/rack/runtime.rb:17:in `call'
  activesupport (4.0.0) lib/active_support/cache/strategy/local_cache.rb:83:in `call'
  rack (1.5.2) lib/rack/lock.rb:17:in `call'
  actionpack (4.0.0) lib/action_dispatch/middleware/static.rb:64:in `call'
  railties (4.0.0) lib/rails/engine.rb:511:in `call'
  railties (4.0.0) lib/rails/application.rb:97:in `call'
  rack (1.5.2) lib/rack/lock.rb:17:in `call'
  rack (1.5.2) lib/rack/content_length.rb:14:in `call'
  rack (1.5.2) lib/rack/handler/webrick.rb:60:in `service'
  /usr/lib/ruby/1.9.1/webrick/httpserver.rb:138:in `service'
  /usr/lib/ruby/1.9.1/webrick/httpserver.rb:94:in `run'
  /usr/lib/ruby/1.9.1/webrick/server.rb:191:in `block in start_thread'


  Rendered /usr/lib/ruby/gems/1.9.1/gems/actionpack-4.0.0/lib/action_dispatch/middleware/templates/rescues/_trace.erb (1.5ms)
  Rendered /usr/lib/ruby/gems/1.9.1/gems/actionpack-4.0.0/lib/action_dispatch/middleware/templates/routes/_route.html.erb (0.7ms)
  Rendered /usr/lib/ruby/gems/1.9.1/gems/actionpack-4.0.0/lib/action_dispatch/middleware/templates/routes/_table.html.erb (32.1ms)
  Rendered /usr/lib/ruby/gems/1.9.1/gems/actionpack-4.0.0/lib/action_dispatch/middleware/templates/rescues/routing_error.erb within rescues/layout (50.2ms)


Started GET "/pages/contact" for 127.0.0.1 at 2013-10-05 21:34:32 +0800
Processing by PagesController#contact as HTML
  Rendered pages/contact.html.erb (1.7ms)
Completed 200 OK in 65ms (Views: 31.9ms | ActiveRecord: 0.0ms)


Started GET "/pages/home" for 127.0.0.1 at 2013-10-05 21:34:40 +0800
Processing by PagesController#home as HTML
  Rendered pages/home.html.erb (0.5ms)
Completed 200 OK in 4ms (Views: 2.6ms | ActiveRecord: 0.0ms)


Started GET "/pages/home" for 127.0.0.1 at 2013-10-05 21:36:27 +0800
Processing by PagesController#home as HTML
  Rendered pages/home.html.erb (2.0ms)
Completed 200 OK in 45ms (Views: 29.8ms | ActiveRecord: 0.0ms)


Started GET "/pages/about" for 127.0.0.1 at 2013-10-05 21:36:34 +0800
Processing by PagesController#about as HTML
  Rendered pages/about.html.erb (0.7ms)
Completed 200 OK in 4ms (Views: 3.5ms | ActiveRecord: 0.0ms)


Started GET "/pages/home" for 127.0.0.1 at 2013-10-05 21:42:07 +0800
Processing by PagesController#home as HTML
  Rendered pages/home.html.erb (2.2ms)
Completed 200 OK in 44ms (Views: 28.9ms | ActiveRecord: 0.0ms)


Started GET "/pages/about" for 127.0.0.1 at 2013-10-05 21:42:12 +0800
Processing by PagesController#about as HTML
  Rendered pages/about.html.erb (1.0ms)
Completed 200 OK in 6ms (Views: 4.6ms | ActiveRecord: 0.0ms)


Started GET "/pages/about" for 127.0.0.1 at 2013-10-05 21:47:23 +0800
Processing by PagesController#about as HTML
  Rendered pages/about.html.erb within layouts/application (1.8ms)
Completed 200 OK in 41ms (Views: 26.0ms | ActiveRecord: 0.0ms)


Started GET "/pages/about" for 127.0.0.1 at 2013-10-05 21:47:56 +0800
Processing by PagesController#about as HTML
  Rendered pages/about.html.erb within layouts/application (1.8ms)
Completed 200 OK in 39ms (Views: 25.0ms | ActiveRecord: 0.0ms)


Started GET "/pages/about" for 127.0.0.1 at 2013-10-05 21:48:17 +0800
Processing by PagesController#about as HTML
  Rendered pages/about.html.erb within layouts/application (1.9ms)
Completed 200 OK in 44ms (Views: 30.0ms | ActiveRecord: 0.0ms)


Started GET "/pages/home" for 127.0.0.1 at 2013-10-05 21:48:26 +0800
Processing by PagesController#home as HTML
  Rendered pages/home.html.erb within layouts/application (0.3ms)
Completed 200 OK in 3ms (Views: 2.0ms | ActiveRecord: 0.0ms)


Started GET "/pages/contact" for 127.0.0.1 at 2013-10-05 21:48:29 +0800
Processing by PagesController#contact as HTML
  Rendered pages/contact.html.erb within layouts/application (0.5ms)
Completed 200 OK in 3ms (Views: 2.7ms | ActiveRecord: 0.0ms)


Started GET "/pages/contact" for 127.0.0.1 at 2013-10-05 21:49:36 +0800
Processing by PagesController#contact as HTML
  Rendered pages/contact.html.erb within layouts/application (1.6ms)
Completed 200 OK in 40ms (Views: 25.1ms | ActiveRecord: 0.0ms)


Started GET "/pages/about" for 127.0.0.1 at 2013-10-05 21:49:41 +0800
Processing by PagesController#about as HTML
  Rendered pages/about.html.erb within layouts/application (0.3ms)
Completed 200 OK in 2ms (Views: 1.6ms | ActiveRecord: 0.0ms)


Started GET "/pages/contact" for 127.0.0.1 at 2013-10-05 21:50:14 +0800
Processing by PagesController#contact as HTML
  Rendered pages/contact.html.erb within layouts/application (1.6ms)
Completed 200 OK in 39ms (Views: 25.0ms | ActiveRecord: 0.0ms)
